app/build/intermediates/manifest_merge_blame_file/release/manifest-merger-blame-release-report.txt
1<?xml version="1.0" encoding="utf-8"?>
2<manifest xmlns:android="http://schemas.android.com/apk/res/android"
3    package="com.decode.nextjob"
4    android:versionCode="3"
5    android:versionName="1.0" >
6
7    <uses-sdk
8        android:minSdkVersion="21"
8-->src\main\AndroidManifest.xml
9        android:targetSdkVersion="30" />
9-->src\main\AndroidManifest.xml
10
11    <uses-permission android:name="android.permission.INTERNET" />
11-->src\main\AndroidManifest.xml:5:5-67
11-->src\main\AndroidManifest.xml:5:22-64
12    <uses-permission android:name="android.permission.ACCESS_WIFI_STATE" />
12-->src\main\AndroidManifest.xml:6:5-76
12-->src\main\AndroidManifest.xml:6:22-73
13    <uses-permission android:name="android.permission.ACCESS_NETWORK_STATE" />
13-->src\main\AndroidManifest.xml:7:5-79
13-->src\main\AndroidManifest.xml:7:22-76
14
15    <application
15-->src\main\AndroidManifest.xml:9:5-33:19
16        android:allowBackup="true"
16-->src\main\AndroidManifest.xml:10:9-35
17        android:appComponentFactory="androidx.core.app.CoreComponentFactory"
17-->[androidx.core:core:1.6.0] AndroidManifest.xml:24:18-86
18        android:icon="@drawable/logo2"
18-->src\main\AndroidManifest.xml:11:9-39
19        android:label="@string/app_name"
19-->src\main\AndroidManifest.xml:12:9-41
20        android:roundIcon="@drawable/logo2"
20-->src\main\AndroidManifest.xml:13:9-44
21        android:supportsRtl="true"
21-->src\main\AndroidManifest.xml:14:9-35
22        android:theme="@style/Theme.Nextjob" >
22-->src\main\AndroidManifest.xml:15:9-45
23        <activity android:name="com.decode.nextjob.ui.SplashActivity" >
23-->src\main\AndroidManifest.xml:16:9-22:20
23-->src\main\AndroidManifest.xml:16:19-52
24            <intent-filter>
24-->src\main\AndroidManifest.xml:17:13-21:29
25                <action android:name="android.intent.action.MAIN" />
25-->src\main\AndroidManifest.xml:18:17-69
25-->src\main\AndroidManifest.xml:18:25-66
26
27                <category android:name="android.intent.category.LAUNCHER" />
27-->src\main\AndroidManifest.xml:19:17-77
27-->src\main\AndroidManifest.xml:19:27-74
28
29                <action android:name="android.intent.action.SEARCH" />
29-->src\main\AndroidManifest.xml:20:17-71
29-->src\main\AndroidManifest.xml:20:25-68
30            </intent-filter>
31        </activity>
32        <activity android:name="com.decode.nextjob.ui.AllRemoteJobsActivity" />
32-->src\main\AndroidManifest.xml:23:9-62
32-->src\main\AndroidManifest.xml:23:19-59
33        <activity android:name="com.decode.nextjob.ui.AllJobsActivity" />
33-->src\main\AndroidManifest.xml:24:9-56
33-->src\main\AndroidManifest.xml:24:19-53
34        <activity android:name="com.decode.nextjob.ui.MainActivity" >
34-->src\main\AndroidManifest.xml:25:9-27:20
34-->src\main\AndroidManifest.xml:25:19-50
35        </activity>
36        <activity android:name="com.decode.nextjob.ui.JobInfo" />
36-->src\main\AndroidManifest.xml:28:9-48
36-->src\main\AndroidManifest.xml:28:19-45
37
38        <meta-data
38-->src\main\AndroidManifest.xml:30:9-32:57
39            android:name="preloaded_fonts"
39-->src\main\AndroidManifest.xml:31:13-43
40            android:resource="@array/preloaded_fonts" />
40-->src\main\AndroidManifest.xml:32:13-54
41
42        <provider
42-->[androidx.lifecycle:lifecycle-process:2.2.0] AndroidManifest.xml:25:9-29:43
43            android:name="androidx.lifecycle.ProcessLifecycleOwnerInitializer"
43-->[androidx.lifecycle:lifecycle-process:2.2.0] AndroidManifest.xml:26:13-79
44            android:authorities="com.decode.nextjob.lifecycle-process"
44-->[androidx.lifecycle:lifecycle-process:2.2.0] AndroidManifest.xml:27:13-69
45            android:exported="false"
45-->[androidx.lifecycle:lifecycle-process:2.2.0] AndroidManifest.xml:28:13-37
46            android:multiprocess="true" />
46-->[androidx.lifecycle:lifecycle-process:2.2.0] AndroidManifest.xml:29:13-40
47    </application>
48
49</manifest>